[0.008s] Invoking command in '/home/rim/critic_ws/build/our_mppi_critics': CMAKE_PREFIX_PATH=${CMAKE_PREFIX_PATH}:/opt/ros/humble /usr/bin/cmake --build /home/rim/critic_ws/build/our_mppi_critics -- -j28 -l28
[0.035s] -- Found ament_cmake: 1.3.14 (/opt/ros/humble/share/ament_cmake/cmake)
[0.125s] -- Found nav2_mppi_controller: 1.1.20 (/opt/ros/humble/share/nav2_mppi_controller/cmake)
[0.145s] -- Found rosidl_generator_c: 3.1.8 (/opt/ros/humble/share/rosidl_generator_c/cmake)
[0.146s] -- Found rosidl_adapter: 3.1.8 (/opt/ros/humble/share/rosidl_adapter/cmake)
[0.150s] -- Found rosidl_generator_cpp: 3.1.8 (/opt/ros/humble/share/rosidl_generator_cpp/cmake)
[0.156s] -- Using all available rosidl_typesupport_c: rosidl_typesupport_fastrtps_c;rosidl_typesupport_introspection_c
[0.164s] -- Using all available rosidl_typesupport_cpp: rosidl_typesupport_fastrtps_cpp;rosidl_typesupport_introspection_cpp
[0.184s] -- Found rmw_implementation_cmake: 6.1.2 (/opt/ros/humble/share/rmw_implementation_cmake/cmake)
[0.185s] -- Found rmw_fastrtps_cpp: 6.2.10 (/opt/ros/humble/share/rmw_fastrtps_cpp/cmake)
[0.255s] -- Using RMW implementation 'rmw_fastrtps_cpp' as default
[0.480s] -- Ensuring Eigen3 include directory is part of orocos-kdl CMake target
[0.601s] -- Configuring done
[0.633s] -- Generating done
[0.637s] -- Build files have been written to: /home/rim/critic_ws/build/our_mppi_critics
[0.660s] [35m[1mConsolidate compiler generated dependencies of target our_mppi_critics[0m
[0.690s] [ 33%] [32mBuilding CXX object CMakeFiles/our_mppi_critics.dir/src/skid_critic.cpp.o[0m
[4.246s] [ 66%] [32m[1mLinking CXX shared library libour_mppi_critics.so[0m
[4.824s] [100%] Built target our_mppi_critics
[4.834s] Invoked command in '/home/rim/critic_ws/build/our_mppi_critics' returned '0': CMAKE_PREFIX_PATH=${CMAKE_PREFIX_PATH}:/opt/ros/humble /usr/bin/cmake --build /home/rim/critic_ws/build/our_mppi_critics -- -j28 -l28
[4.845s] Invoking command in '/home/rim/critic_ws/build/our_mppi_critics': CMAKE_PREFIX_PATH=${CMAKE_PREFIX_PATH}:/opt/ros/humble /usr/bin/cmake --install /home/rim/critic_ws/build/our_mppi_critics
[4.855s] -- Install configuration: ""
[4.855s] -- Installing: /home/rim/critic_ws/install/our_mppi_critics/lib/libour_mppi_critics.so
[4.866s] -- Set runtime path of "/home/rim/critic_ws/install/our_mppi_critics/lib/libour_mppi_critics.so" to ""
[4.866s] -- Up-to-date: /home/rim/critic_ws/install/our_mppi_critics/include
[4.866s] -- Up-to-date: /home/rim/critic_ws/install/our_mppi_critics/include/our_mppi_critics
[4.866s] -- Up-to-date: /home/rim/critic_ws/install/our_mppi_critics/include/our_mppi_critics/skid_critic.hpp
[4.866s] -- Up-to-date: /home/rim/critic_ws/install/our_mppi_critics/include/our_mppi_critics/slope_critic.hpp
[4.866s] -- Up-to-date: /home/rim/critic_ws/install/our_mppi_critics/share/our_mppi_critics/critics.xml
[4.867s] -- Up-to-date: /home/rim/critic_ws/install/our_mppi_critics/share/our_mppi_critics/critics.xml
[4.867s] -- Up-to-date: /home/rim/critic_ws/install/our_mppi_critics/share/ament_index/resource_index/package_run_dependencies/our_mppi_critics
[4.867s] -- Installing: /home/rim/critic_ws/install/our_mppi_critics/share/ament_index/resource_index/parent_prefix_path/our_mppi_critics
[4.867s] -- Up-to-date: /home/rim/critic_ws/install/our_mppi_critics/share/our_mppi_critics/environment/ament_prefix_path.sh
[4.867s] -- Installing: /home/rim/critic_ws/install/our_mppi_critics/share/our_mppi_critics/environment/ament_prefix_path.dsv
[4.867s] -- Up-to-date: /home/rim/critic_ws/install/our_mppi_critics/share/our_mppi_critics/environment/path.sh
[4.867s] -- Installing: /home/rim/critic_ws/install/our_mppi_critics/share/our_mppi_critics/environment/path.dsv
[4.867s] -- Up-to-date: /home/rim/critic_ws/install/our_mppi_critics/share/our_mppi_critics/local_setup.bash
[4.867s] -- Up-to-date: /home/rim/critic_ws/install/our_mppi_critics/share/our_mppi_critics/local_setup.sh
[4.867s] -- Up-to-date: /home/rim/critic_ws/install/our_mppi_critics/share/our_mppi_critics/local_setup.zsh
[4.867s] -- Installing: /home/rim/critic_ws/install/our_mppi_critics/share/our_mppi_critics/local_setup.dsv
[4.867s] -- Installing: /home/rim/critic_ws/install/our_mppi_critics/share/our_mppi_critics/package.dsv
[4.867s] -- Up-to-date: /home/rim/critic_ws/install/our_mppi_critics/share/ament_index/resource_index/packages/our_mppi_critics
[4.867s] -- Up-to-date: /home/rim/critic_ws/install/our_mppi_critics/share/ament_index/resource_index/nav2_mppi_controller__pluginlib__plugin/our_mppi_critics
[4.868s] -- Up-to-date: /home/rim/critic_ws/install/our_mppi_critics/share/our_mppi_critics/cmake/our_mppi_criticsConfig.cmake
[4.868s] -- Up-to-date: /home/rim/critic_ws/install/our_mppi_critics/share/our_mppi_critics/cmake/our_mppi_criticsConfig-version.cmake
[4.868s] -- Installing: /home/rim/critic_ws/install/our_mppi_critics/share/our_mppi_critics/package.xml
[4.869s] Invoked command in '/home/rim/critic_ws/build/our_mppi_critics' returned '0': CMAKE_PREFIX_PATH=${CMAKE_PREFIX_PATH}:/opt/ros/humble /usr/bin/cmake --install /home/rim/critic_ws/build/our_mppi_critics
