[35m[1mConsolidate compiler generated dependencies of target our_mppi_critics[0m
[100%] Built target our_mppi_critics
-- Install configuration: ""
-- Up-to-date: /home/rim/critic_ws/install/our_mppi_critics/lib/libour_mppi_critics.so
-- Up-to-date: /home/rim/critic_ws/install/our_mppi_critics/include
-- Up-to-date: /home/rim/critic_ws/install/our_mppi_critics/include/our_mppi_critics
-- Up-to-date: /home/rim/critic_ws/install/our_mppi_critics/include/our_mppi_critics/skid_critic.hpp
-- Up-to-date: /home/rim/critic_ws/install/our_mppi_critics/include/our_mppi_critics/slope_critic.hpp
-- Up-to-date: /home/rim/critic_ws/install/our_mppi_critics/share/our_mppi_critics/critics.xml
-- Up-to-date: /home/rim/critic_ws/install/our_mppi_critics/share/our_mppi_critics/critics.xml
-- Up-to-date: /home/rim/critic_ws/install/our_mppi_critics/share/ament_index/resource_index/package_run_dependencies/our_mppi_critics
-- Up-to-date: /home/rim/critic_ws/install/our_mppi_critics/share/ament_index/resource_index/parent_prefix_path/our_mppi_critics
-- Up-to-date: /home/rim/critic_ws/install/our_mppi_critics/share/our_mppi_critics/environment/ament_prefix_path.sh
-- Up-to-date: /home/rim/critic_ws/install/our_mppi_critics/share/our_mppi_critics/environment/ament_prefix_path.dsv
-- Up-to-date: /home/rim/critic_ws/install/our_mppi_critics/share/our_mppi_critics/environment/path.sh
-- Up-to-date: /home/rim/critic_ws/install/our_mppi_critics/share/our_mppi_critics/environment/path.dsv
-- Up-to-date: /home/rim/critic_ws/install/our_mppi_critics/share/our_mppi_critics/local_setup.bash
-- Up-to-date: /home/rim/critic_ws/install/our_mppi_critics/share/our_mppi_critics/local_setup.sh
-- Up-to-date: /home/rim/critic_ws/install/our_mppi_critics/share/our_mppi_critics/local_setup.zsh
-- Up-to-date: /home/rim/critic_ws/install/our_mppi_critics/share/our_mppi_critics/local_setup.dsv
-- Installing: /home/rim/critic_ws/install/our_mppi_critics/share/our_mppi_critics/package.dsv
-- Up-to-date: /home/rim/critic_ws/install/our_mppi_critics/share/ament_index/resource_index/packages/our_mppi_critics
-- Up-to-date: /home/rim/critic_ws/install/our_mppi_critics/share/ament_index/resource_index/nav2_mppi_controller__pluginlib__plugin/our_mppi_critics
-- Up-to-date: /home/rim/critic_ws/install/our_mppi_critics/share/our_mppi_critics/cmake/our_mppi_criticsConfig.cmake
-- Up-to-date: /home/rim/critic_ws/install/our_mppi_critics/share/our_mppi_critics/cmake/our_mppi_criticsConfig-version.cmake
-- Up-to-date: /home/rim/critic_ws/install/our_mppi_critics/share/our_mppi_critics/package.xml
