[0.008s] Invoking command in '/home/rim/critic_ws/build/our_mppi_critics': CMAKE_PREFIX_PATH=/opt/ros/humble /usr/bin/cmake --build /home/rim/critic_ws/build/our_mppi_critics -- -j28 -l28
[0.079s] [35m[1mConsolidate compiler generated dependencies of target our_mppi_critics[0m
[0.124s] [100%] Built target our_mppi_critics
[0.142s] Invoked command in '/home/rim/critic_ws/build/our_mppi_critics' returned '0': CMAKE_PREFIX_PATH=/opt/ros/humble /usr/bin/cmake --build /home/rim/critic_ws/build/our_mppi_critics -- -j28 -l28
[0.157s] Invoking command in '/home/rim/critic_ws/build/our_mppi_critics': CMAKE_PREFIX_PATH=/opt/ros/humble /usr/bin/cmake --install /home/rim/critic_ws/build/our_mppi_critics
[0.169s] -- Install configuration: ""
[0.170s] -- Up-to-date: /home/rim/critic_ws/install/our_mppi_critics/lib/libour_mppi_critics.so
[0.170s] -- Up-to-date: /home/rim/critic_ws/install/our_mppi_critics/include
[0.170s] -- Up-to-date: /home/rim/critic_ws/install/our_mppi_critics/include/our_mppi_critics
[0.170s] -- Up-to-date: /home/rim/critic_ws/install/our_mppi_critics/include/our_mppi_critics/skid_critic.hpp
[0.170s] -- Up-to-date: /home/rim/critic_ws/install/our_mppi_critics/include/our_mppi_critics/slope_critic.hpp
[0.170s] -- Up-to-date: /home/rim/critic_ws/install/our_mppi_critics/share/our_mppi_critics/critics.xml
[0.170s] -- Up-to-date: /home/rim/critic_ws/install/our_mppi_critics/share/our_mppi_critics/critics.xml
[0.170s] -- Up-to-date: /home/rim/critic_ws/install/our_mppi_critics/share/ament_index/resource_index/package_run_dependencies/our_mppi_critics
[0.170s] -- Up-to-date: /home/rim/critic_ws/install/our_mppi_critics/share/ament_index/resource_index/parent_prefix_path/our_mppi_critics
[0.170s] -- Up-to-date: /home/rim/critic_ws/install/our_mppi_critics/share/our_mppi_critics/environment/ament_prefix_path.sh
[0.171s] -- Up-to-date: /home/rim/critic_ws/install/our_mppi_critics/share/our_mppi_critics/environment/ament_prefix_path.dsv
[0.171s] -- Up-to-date: /home/rim/critic_ws/install/our_mppi_critics/share/our_mppi_critics/environment/path.sh
[0.171s] -- Up-to-date: /home/rim/critic_ws/install/our_mppi_critics/share/our_mppi_critics/environment/path.dsv
[0.171s] -- Up-to-date: /home/rim/critic_ws/install/our_mppi_critics/share/our_mppi_critics/local_setup.bash
[0.171s] -- Up-to-date: /home/rim/critic_ws/install/our_mppi_critics/share/our_mppi_critics/local_setup.sh
[0.171s] -- Up-to-date: /home/rim/critic_ws/install/our_mppi_critics/share/our_mppi_critics/local_setup.zsh
[0.171s] -- Up-to-date: /home/rim/critic_ws/install/our_mppi_critics/share/our_mppi_critics/local_setup.dsv
[0.171s] -- Installing: /home/rim/critic_ws/install/our_mppi_critics/share/our_mppi_critics/package.dsv
[0.171s] -- Up-to-date: /home/rim/critic_ws/install/our_mppi_critics/share/ament_index/resource_index/packages/our_mppi_critics
[0.171s] -- Up-to-date: /home/rim/critic_ws/install/our_mppi_critics/share/ament_index/resource_index/nav2_mppi_controller__pluginlib__plugin/our_mppi_critics
[0.171s] -- Up-to-date: /home/rim/critic_ws/install/our_mppi_critics/share/our_mppi_critics/cmake/our_mppi_criticsConfig.cmake
[0.171s] -- Up-to-date: /home/rim/critic_ws/install/our_mppi_critics/share/our_mppi_critics/cmake/our_mppi_criticsConfig-version.cmake
[0.171s] -- Up-to-date: /home/rim/critic_ws/install/our_mppi_critics/share/our_mppi_critics/package.xml
[0.173s] Invoked command in '/home/rim/critic_ws/build/our_mppi_critics' returned '0': CMAKE_PREFIX_PATH=/opt/ros/humble /usr/bin/cmake --install /home/rim/critic_ws/build/our_mppi_critics
