[01m[K/home/rim/critic_ws/src/our_mppi_critics/src/skid_critic.cpp:[m[K In member function ‘[01m[Kvirtual void our_mppi_critics::SkidCritic::score(mppi::CriticData&)[m[K’:
[01m[K/home/rim/critic_ws/src/our_mppi_critics/src/skid_critic.cpp:26:49:[m[K [01;31m[Kerror: [m[K‘[01m[Kxt::xtensor<float, 2>[m[K’ {aka ‘[01m[Kconst class xt::xtensor_container<xt::uvector<float, std::allocator<float> >, 2, xt::layout_type::row_major, xt::xtensor_expression_tag>[m[K’} has no member named ‘[01m[Krows[m[K’
   26 |   const size_t batch_size = data.trajectories.x.[01;31m[Krows[m[K();
      |                                                 [01;31m[K^~~~[m[K
[01m[K/home/rim/critic_ws/src/our_mppi_critics/src/skid_critic.cpp:27:49:[m[K [01;31m[Kerror: [m[K‘[01m[Kxt::xtensor<float, 2>[m[K’ {aka ‘[01m[Kconst class xt::xtensor_container<xt::uvector<float, std::allocator<float> >, 2, xt::layout_type::row_major, xt::xtensor_expression_tag>[m[K’} has no member named ‘[01m[Kcols[m[K’
   27 |   const size_t time_steps = data.trajectories.x.[01;31m[Kcols[m[K();
      |                                                 [01;31m[K^~~~[m[K
[01m[K/home/rim/critic_ws/src/our_mppi_critics/src/skid_critic.cpp:29:3:[m[K [01;31m[Kerror: [m[K‘[01m[KEigen[m[K’ has not been declared
   29 |   [01;31m[KEigen[m[K::ArrayXf cost(batch_size);
      |   [01;31m[K^~~~~[m[K
[01m[K/home/rim/critic_ws/src/our_mppi_critics/src/slope_critic.cpp:[m[K In member function ‘[01m[Kvirtual void our_mppi_critics::SlopeCritic::score(mppi::CriticData&)[m[K’:
[01m[K/home/rim/critic_ws/src/our_mppi_critics/src/slope_critic.cpp:28:47:[m[K [01;31m[Kerror: [m[K‘[01m[Kconst struct mppi::models::State[m[K’ has no member named ‘[01m[Kpitch[m[K’
   28 |   const float pitch_deg = std::abs(data.state.[01;31m[Kpitch[m[K) * 180.0f / M_PI;
      |                                               [01;31m[K^~~~~[m[K
[01m[K/home/rim/critic_ws/src/our_mppi_critics/src/slope_critic.cpp:32:49:[m[K [01;31m[Kerror: [m[K‘[01m[Kxt::xtensor<float, 2>[m[K’ {aka ‘[01m[Kconst class xt::xtensor_container<xt::uvector<float, std::allocator<float> >, 2, xt::layout_type::row_major, xt::xtensor_expression_tag>[m[K’} has no member named ‘[01m[Krows[m[K’
   32 |   const size_t batch_size = data.trajectories.x.[01;31m[Krows[m[K();
      |                                                 [01;31m[K^~~~[m[K
[01m[K/home/rim/critic_ws/src/our_mppi_critics/src/slope_critic.cpp:33:3:[m[K [01;31m[Kerror: [m[K‘[01m[KEigen[m[K’ has not been declared
   33 |   [01;31m[KEigen[m[K::ArrayXf cost(batch_size);
      |   [01;31m[K^~~~~[m[K
[01m[K/home/rim/critic_ws/src/our_mppi_critics/src/skid_critic.cpp:30:3:[m[K [01;31m[Kerror: [m[K‘[01m[Kcost[m[K’ was not declared in this scope; did you mean ‘[01m[Kcosl[m[K’?
   30 |   [01;31m[Kcost[m[K.setZero();
      |   [01;31m[K^~~~[m[K
      |   [32m[Kcosl[m[K
[01m[K/home/rim/critic_ws/src/our_mppi_critics/src/slope_critic.cpp:34:3:[m[K [01;31m[Kerror: [m[K‘[01m[Kcost[m[K’ was not declared in this scope; did you mean ‘[01m[Kcosl[m[K’?
   34 |   [01;31m[Kcost[m[K.setZero();
      |   [01;31m[K^~~~[m[K
      |   [32m[Kcosl[m[K
gmake[2]: *** [CMakeFiles/our_mppi_critics.dir/build.make:90: CMakeFiles/our_mppi_critics.dir/src/slope_critic.cpp.o] Error 1
gmake[2]: *** Waiting for unfinished jobs....
gmake[2]: *** [CMakeFiles/our_mppi_critics.dir/build.make:76: CMakeFiles/our_mppi_critics.dir/src/skid_critic.cpp.o] Error 1
gmake[1]: *** [CMakeFiles/Makefile2:137: CMakeFiles/our_mppi_critics.dir/all] Error 2
gmake: *** [Makefile:146: all] Error 2
