-- The C compiler identification is GNU 12.3.0
-- The CXX compiler identification is GNU 11.4.0
-- Detecting C compiler ABI info
-- Detecting C compiler ABI info - done
-- Check for working C compiler: /usr/bin/cc - skipped
-- Detecting C compile features
-- Detecting C compile features - done
-- Detecting CXX compiler ABI info
-- Detecting CXX compiler ABI info - done
-- Check for working CXX compiler: /usr/bin/c++ - skipped
-- Detecting CXX compile features
-- Detecting CXX compile features - done
-- Found ament_cmake: 1.3.14 (/opt/ros/humble/share/ament_cmake/cmake)
-- Found Python3: /usr/bin/python3 (found version "3.10.12") found components: Interpreter 
-- Found nav2_mppi_controller: 1.1.20 (/opt/ros/humble/share/nav2_mppi_controller/cmake)
-- Found rosidl_generator_c: 3.1.8 (/opt/ros/humble/share/rosidl_generator_c/cmake)
-- Found rosidl_adapter: 3.1.8 (/opt/ros/humble/share/rosidl_adapter/cmake)
-- Found rosidl_generator_cpp: 3.1.8 (/opt/ros/humble/share/rosidl_generator_cpp/cmake)
-- Using all available rosidl_typesupport_c: rosidl_typesupport_fastrtps_c;rosidl_typesupport_introspection_c
-- Using all available rosidl_typesupport_cpp: rosidl_typesupport_fastrtps_cpp;rosidl_typesupport_introspection_cpp
-- Found rmw_implementation_cmake: 6.1.2 (/opt/ros/humble/share/rmw_implementation_cmake/cmake)
-- Found rmw_fastrtps_cpp: 6.2.10 (/opt/ros/humble/share/rmw_fastrtps_cpp/cmake)
-- Found OpenSSL: /usr/lib/x86_64-linux-gnu/libcrypto.so (found version "3.0.2")  
-- Found FastRTPS: /opt/ros/humble/include  
-- Using RMW implementation 'rmw_fastrtps_cpp' as default
-- Looking for pthread.h
-- Looking for pthread.h - found
-- Performing Test CMAKE_HAVE_LIBC_PTHREAD
-- Performing Test CMAKE_HAVE_LIBC_PTHREAD - Success
-- Found Threads: TRUE  
-- Found Eigen3: TRUE (found version "3.4.0") 
-- Ensuring Eigen3 include directory is part of orocos-kdl CMake target
-- Configuring done
-- Generating done
-- Build files have been written to: /home/rim/critic_ws/build/our_mppi_critics
[ 33%] [32mBuilding CXX object CMakeFiles/our_mppi_critics.dir/src/slope_critic.cpp.o[0m
[ 66%] [32mBuilding CXX object CMakeFiles/our_mppi_critics.dir/src/skid_critic.cpp.o[0m
[01m[K/home/rim/critic_ws/src/our_mppi_critics/src/skid_critic.cpp:[m[K In member function ‘[01m[Kvirtual void our_mppi_critics::SkidCritic::score(mppi::CriticData&)[m[K’:
[01m[K/home/rim/critic_ws/src/our_mppi_critics/src/skid_critic.cpp:26:49:[m[K [01;31m[Kerror: [m[K‘[01m[Kxt::xtensor<float, 2>[m[K’ {aka ‘[01m[Kconst class xt::xtensor_container<xt::uvector<float, std::allocator<float> >, 2, xt::layout_type::row_major, xt::xtensor_expression_tag>[m[K’} has no member named ‘[01m[Krows[m[K’
   26 |   const size_t batch_size = data.trajectories.x.[01;31m[Krows[m[K();
      |                                                 [01;31m[K^~~~[m[K
[01m[K/home/rim/critic_ws/src/our_mppi_critics/src/skid_critic.cpp:27:49:[m[K [01;31m[Kerror: [m[K‘[01m[Kxt::xtensor<float, 2>[m[K’ {aka ‘[01m[Kconst class xt::xtensor_container<xt::uvector<float, std::allocator<float> >, 2, xt::layout_type::row_major, xt::xtensor_expression_tag>[m[K’} has no member named ‘[01m[Kcols[m[K’
   27 |   const size_t time_steps = data.trajectories.x.[01;31m[Kcols[m[K();
      |                                                 [01;31m[K^~~~[m[K
[01m[K/home/rim/critic_ws/src/our_mppi_critics/src/skid_critic.cpp:29:3:[m[K [01;31m[Kerror: [m[K‘[01m[KEigen[m[K’ has not been declared
   29 |   [01;31m[KEigen[m[K::ArrayXf cost(batch_size);
      |   [01;31m[K^~~~~[m[K
[01m[K/home/rim/critic_ws/src/our_mppi_critics/src/slope_critic.cpp:[m[K In member function ‘[01m[Kvirtual void our_mppi_critics::SlopeCritic::score(mppi::CriticData&)[m[K’:
[01m[K/home/rim/critic_ws/src/our_mppi_critics/src/slope_critic.cpp:28:47:[m[K [01;31m[Kerror: [m[K‘[01m[Kconst struct mppi::models::State[m[K’ has no member named ‘[01m[Kpitch[m[K’
   28 |   const float pitch_deg = std::abs(data.state.[01;31m[Kpitch[m[K) * 180.0f / M_PI;
      |                                               [01;31m[K^~~~~[m[K
[01m[K/home/rim/critic_ws/src/our_mppi_critics/src/slope_critic.cpp:32:49:[m[K [01;31m[Kerror: [m[K‘[01m[Kxt::xtensor<float, 2>[m[K’ {aka ‘[01m[Kconst class xt::xtensor_container<xt::uvector<float, std::allocator<float> >, 2, xt::layout_type::row_major, xt::xtensor_expression_tag>[m[K’} has no member named ‘[01m[Krows[m[K’
   32 |   const size_t batch_size = data.trajectories.x.[01;31m[Krows[m[K();
      |                                                 [01;31m[K^~~~[m[K
[01m[K/home/rim/critic_ws/src/our_mppi_critics/src/slope_critic.cpp:33:3:[m[K [01;31m[Kerror: [m[K‘[01m[KEigen[m[K’ has not been declared
   33 |   [01;31m[KEigen[m[K::ArrayXf cost(batch_size);
      |   [01;31m[K^~~~~[m[K
[01m[K/home/rim/critic_ws/src/our_mppi_critics/src/skid_critic.cpp:30:3:[m[K [01;31m[Kerror: [m[K‘[01m[Kcost[m[K’ was not declared in this scope; did you mean ‘[01m[Kcosl[m[K’?
   30 |   [01;31m[Kcost[m[K.setZero();
      |   [01;31m[K^~~~[m[K
      |   [32m[Kcosl[m[K
[01m[K/home/rim/critic_ws/src/our_mppi_critics/src/slope_critic.cpp:34:3:[m[K [01;31m[Kerror: [m[K‘[01m[Kcost[m[K’ was not declared in this scope; did you mean ‘[01m[Kcosl[m[K’?
   34 |   [01;31m[Kcost[m[K.setZero();
      |   [01;31m[K^~~~[m[K
      |   [32m[Kcosl[m[K
gmake[2]: *** [CMakeFiles/our_mppi_critics.dir/build.make:90: CMakeFiles/our_mppi_critics.dir/src/slope_critic.cpp.o] Error 1
gmake[2]: *** Waiting for unfinished jobs....
gmake[2]: *** [CMakeFiles/our_mppi_critics.dir/build.make:76: CMakeFiles/our_mppi_critics.dir/src/skid_critic.cpp.o] Error 1
gmake[1]: *** [CMakeFiles/Makefile2:137: CMakeFiles/our_mppi_critics.dir/all] Error 2
gmake: *** [Makefile:146: all] Error 2
