[0.006s] Invoking command in '/home/rim/critic_ws/build/our_mppi_critics': CMAKE_PREFIX_PATH=${CMAKE_PREFIX_PATH}:/opt/ros/humble /usr/bin/cmake /home/rim/critic_ws/src/our_mppi_critics -DCMAKE_INSTALL_PREFIX=/home/rim/critic_ws/install/our_mppi_critics
[0.069s] -- The C compiler identification is GNU 12.3.0
[0.125s] -- The CXX compiler identification is GNU 11.4.0
[0.130s] -- Detecting C compiler ABI info
[0.193s] -- Detecting C compiler ABI info - done
[0.199s] -- Check for working C compiler: /usr/bin/cc - skipped
[0.199s] -- Detecting C compile features
[0.200s] -- Detecting C compile features - done
[0.202s] -- Detecting CXX compiler ABI info
[0.266s] -- Detecting CXX compiler ABI info - done
[0.272s] -- Check for working CXX compiler: /usr/bin/c++ - skipped
[0.272s] -- Detecting CXX compile features
[0.272s] -- Detecting CXX compile features - done
[0.274s] -- Found ament_cmake: 1.3.14 (/opt/ros/humble/share/ament_cmake/cmake)
[0.383s] -- Found Python3: /usr/bin/python3 (found version "3.10.12") found components: Interpreter 
[0.441s] -- Found nav2_mppi_controller: 1.1.20 (/opt/ros/humble/share/nav2_mppi_controller/cmake)
[0.469s] -- Found rosidl_generator_c: 3.1.8 (/opt/ros/humble/share/rosidl_generator_c/cmake)
[0.472s] -- Found rosidl_adapter: 3.1.8 (/opt/ros/humble/share/rosidl_adapter/cmake)
[0.478s] -- Found rosidl_generator_cpp: 3.1.8 (/opt/ros/humble/share/rosidl_generator_cpp/cmake)
[0.485s] -- Using all available rosidl_typesupport_c: rosidl_typesupport_fastrtps_c;rosidl_typesupport_introspection_c
[0.495s] -- Using all available rosidl_typesupport_cpp: rosidl_typesupport_fastrtps_cpp;rosidl_typesupport_introspection_cpp
[0.522s] -- Found rmw_implementation_cmake: 6.1.2 (/opt/ros/humble/share/rmw_implementation_cmake/cmake)
[0.524s] -- Found rmw_fastrtps_cpp: 6.2.10 (/opt/ros/humble/share/rmw_fastrtps_cpp/cmake)
[0.599s] -- Found OpenSSL: /usr/lib/x86_64-linux-gnu/libcrypto.so (found version "3.0.2")  
[0.629s] -- Found FastRTPS: /opt/ros/humble/include  
[0.668s] -- Using RMW implementation 'rmw_fastrtps_cpp' as default
[0.673s] -- Looking for pthread.h
[0.737s] -- Looking for pthread.h - found
[0.737s] -- Performing Test CMAKE_HAVE_LIBC_PTHREAD
[0.803s] -- Performing Test CMAKE_HAVE_LIBC_PTHREAD - Success
[0.804s] -- Found Threads: TRUE  
[1.024s] -- Found Eigen3: TRUE (found version "3.4.0") 
[1.024s] -- Ensuring Eigen3 include directory is part of orocos-kdl CMake target
[1.141s] -- Configuring done
[1.167s] -- Generating done
[1.171s] -- Build files have been written to: /home/rim/critic_ws/build/our_mppi_critics
[1.179s] Invoked command in '/home/rim/critic_ws/build/our_mppi_critics' returned '0': CMAKE_PREFIX_PATH=${CMAKE_PREFIX_PATH}:/opt/ros/humble /usr/bin/cmake /home/rim/critic_ws/src/our_mppi_critics -DCMAKE_INSTALL_PREFIX=/home/rim/critic_ws/install/our_mppi_critics
[1.181s] Invoking command in '/home/rim/critic_ws/build/our_mppi_critics': CMAKE_PREFIX_PATH=${CMAKE_PREFIX_PATH}:/opt/ros/humble /usr/bin/cmake --build /home/rim/critic_ws/build/our_mppi_critics -- -j28 -l28
[1.230s] [ 33%] [32mBuilding CXX object CMakeFiles/our_mppi_critics.dir/src/slope_critic.cpp.o[0m
[1.231s] [ 66%] [32mBuilding CXX object CMakeFiles/our_mppi_critics.dir/src/skid_critic.cpp.o[0m
[3.580s] [01m[K/home/rim/critic_ws/src/our_mppi_critics/src/skid_critic.cpp:[m[K In member function ‘[01m[Kvirtual void our_mppi_critics::SkidCritic::score(mppi::CriticData&)[m[K’:
[3.580s] [01m[K/home/rim/critic_ws/src/our_mppi_critics/src/skid_critic.cpp:26:49:[m[K [01;31m[Kerror: [m[K‘[01m[Kxt::xtensor<float, 2>[m[K’ {aka ‘[01m[Kconst class xt::xtensor_container<xt::uvector<float, std::allocator<float> >, 2, xt::layout_type::row_major, xt::xtensor_expression_tag>[m[K’} has no member named ‘[01m[Krows[m[K’
[3.580s]    26 |   const size_t batch_size = data.trajectories.x.[01;31m[Krows[m[K();
[3.580s]       |                                                 [01;31m[K^~~~[m[K
[3.580s] [01m[K/home/rim/critic_ws/src/our_mppi_critics/src/skid_critic.cpp:27:49:[m[K [01;31m[Kerror: [m[K‘[01m[Kxt::xtensor<float, 2>[m[K’ {aka ‘[01m[Kconst class xt::xtensor_container<xt::uvector<float, std::allocator<float> >, 2, xt::layout_type::row_major, xt::xtensor_expression_tag>[m[K’} has no member named ‘[01m[Kcols[m[K’
[3.580s]    27 |   const size_t time_steps = data.trajectories.x.[01;31m[Kcols[m[K();
[3.580s]       |                                                 [01;31m[K^~~~[m[K
[3.580s] [01m[K/home/rim/critic_ws/src/our_mppi_critics/src/skid_critic.cpp:29:3:[m[K [01;31m[Kerror: [m[K‘[01m[KEigen[m[K’ has not been declared
[3.580s]    29 |   [01;31m[KEigen[m[K::ArrayXf cost(batch_size);
[3.580s]       |   [01;31m[K^~~~~[m[K
[3.583s] [01m[K/home/rim/critic_ws/src/our_mppi_critics/src/slope_critic.cpp:[m[K In member function ‘[01m[Kvirtual void our_mppi_critics::SlopeCritic::score(mppi::CriticData&)[m[K’:
[3.583s] [01m[K/home/rim/critic_ws/src/our_mppi_critics/src/slope_critic.cpp:28:47:[m[K [01;31m[Kerror: [m[K‘[01m[Kconst struct mppi::models::State[m[K’ has no member named ‘[01m[Kpitch[m[K’
[3.583s]    28 |   const float pitch_deg = std::abs(data.state.[01;31m[Kpitch[m[K) * 180.0f / M_PI;
[3.583s]       |                                               [01;31m[K^~~~~[m[K
[3.583s] [01m[K/home/rim/critic_ws/src/our_mppi_critics/src/slope_critic.cpp:32:49:[m[K [01;31m[Kerror: [m[K‘[01m[Kxt::xtensor<float, 2>[m[K’ {aka ‘[01m[Kconst class xt::xtensor_container<xt::uvector<float, std::allocator<float> >, 2, xt::layout_type::row_major, xt::xtensor_expression_tag>[m[K’} has no member named ‘[01m[Krows[m[K’
[3.583s]    32 |   const size_t batch_size = data.trajectories.x.[01;31m[Krows[m[K();
[3.583s]       |                                                 [01;31m[K^~~~[m[K
[3.583s] [01m[K/home/rim/critic_ws/src/our_mppi_critics/src/slope_critic.cpp:33:3:[m[K [01;31m[Kerror: [m[K‘[01m[KEigen[m[K’ has not been declared
[3.583s]    33 |   [01;31m[KEigen[m[K::ArrayXf cost(batch_size);
[3.583s]       |   [01;31m[K^~~~~[m[K
[3.584s] [01m[K/home/rim/critic_ws/src/our_mppi_critics/src/skid_critic.cpp:30:3:[m[K [01;31m[Kerror: [m[K‘[01m[Kcost[m[K’ was not declared in this scope; did you mean ‘[01m[Kcosl[m[K’?
[3.584s]    30 |   [01;31m[Kcost[m[K.setZero();
[3.584s]       |   [01;31m[K^~~~[m[K
[3.584s]       |   [32m[Kcosl[m[K
[3.587s] [01m[K/home/rim/critic_ws/src/our_mppi_critics/src/slope_critic.cpp:34:3:[m[K [01;31m[Kerror: [m[K‘[01m[Kcost[m[K’ was not declared in this scope; did you mean ‘[01m[Kcosl[m[K’?
[3.587s]    34 |   [01;31m[Kcost[m[K.setZero();
[3.587s]       |   [01;31m[K^~~~[m[K
[3.587s]       |   [32m[Kcosl[m[K
[4.297s] gmake[2]: *** [CMakeFiles/our_mppi_critics.dir/build.make:90: CMakeFiles/our_mppi_critics.dir/src/slope_critic.cpp.o] Error 1
[4.297s] gmake[2]: *** Waiting for unfinished jobs....
[4.298s] gmake[2]: *** [CMakeFiles/our_mppi_critics.dir/build.make:76: CMakeFiles/our_mppi_critics.dir/src/skid_critic.cpp.o] Error 1
[4.298s] gmake[1]: *** [CMakeFiles/Makefile2:137: CMakeFiles/our_mppi_critics.dir/all] Error 2
[4.298s] gmake: *** [Makefile:146: all] Error 2
[4.301s] Invoked command in '/home/rim/critic_ws/build/our_mppi_critics' returned '2': CMAKE_PREFIX_PATH=${CMAKE_PREFIX_PATH}:/opt/ros/humble /usr/bin/cmake --build /home/rim/critic_ws/build/our_mppi_critics -- -j28 -l28
